{"level":"info","message":"APT Gateway running on port 3000","service":"api-gateway","timestamp":"2025-10-16T21:01:13.736Z"}
{"level":"info","message":"User service running on port http://localhost/:3001","service":"api-gateway","timestamp":"2025-10-16T21:01:13.754Z"}
{"level":"info","message":"Redis Url redis://localhost:6379","service":"api-gateway","timestamp":"2025-10-16T21:01:13.755Z"}
{"level":"info","message":"Received POST request to /v1/auth/register","service":"api-gateway","timestamp":"2025-10-16T21:04:20.079Z"}
{"level":"info","message":"Request body, [object Object]","service":"api-gateway","timestamp":"2025-10-16T21:04:20.080Z"}
{"level":"info","message":"Response received from user service: 404","service":"api-gateway","timestamp":"2025-10-16T21:04:20.211Z"}
{"level":"info","message":"APT Gateway running on port 3000","service":"api-gateway","timestamp":"2025-10-16T21:10:33.039Z"}
{"level":"info","message":"User service running on port http://localhost/:3001","service":"api-gateway","timestamp":"2025-10-16T21:10:33.045Z"}
{"level":"info","message":"Redis Url redis://localhost:6379","service":"api-gateway","timestamp":"2025-10-16T21:10:33.046Z"}
{"level":"info","message":"APT Gateway running on port 3000","service":"api-gateway","timestamp":"2025-10-16T21:12:11.839Z"}
{"level":"info","message":"User service running on port http://localhost/:3001","service":"api-gateway","timestamp":"2025-10-16T21:12:11.843Z"}
{"level":"info","message":"Redis Url redis://localhost:6379","service":"api-gateway","timestamp":"2025-10-16T21:12:11.844Z"}
{"level":"info","message":"Received POST request to /v1/auth/register","service":"api-gateway","timestamp":"2025-10-16T21:13:12.713Z"}
{"level":"info","message":"Request body, [object Object]","service":"api-gateway","timestamp":"2025-10-16T21:13:12.714Z"}
{"level":"info","message":"Response received from user service: 404","service":"api-gateway","timestamp":"2025-10-16T21:13:12.725Z"}
{"level":"info","message":"Received POST request to /v1/auth/register","service":"api-gateway","timestamp":"2025-10-16T21:17:09.890Z"}
{"level":"info","message":"Request body, [object Object]","service":"api-gateway","timestamp":"2025-10-16T21:17:09.890Z"}
{"level":"info","message":"Response received from user service: 404","service":"api-gateway","timestamp":"2025-10-16T21:17:09.895Z"}
{"level":"info","message":"APT Gateway running on port 3000","service":"api-gateway","timestamp":"2025-10-16T21:22:29.525Z"}
{"level":"info","message":"User service running on port http://localhost:3001","service":"api-gateway","timestamp":"2025-10-16T21:22:29.529Z"}
{"level":"info","message":"Redis Url redis://localhost:6379","service":"api-gateway","timestamp":"2025-10-16T21:22:29.530Z"}
{"level":"info","message":"Received POST request to /v1/auth/register","service":"api-gateway","timestamp":"2025-10-16T21:25:16.879Z"}
{"level":"info","message":"Request body, [object Object]","service":"api-gateway","timestamp":"2025-10-16T21:25:16.880Z"}
{"level":"info","message":"Response received from user service: 201","service":"api-gateway","timestamp":"2025-10-16T21:25:17.268Z"}
{"level":"info","message":"APT Gateway running on port 3000","service":"api-gateway","timestamp":"2025-10-16T21:27:26.663Z"}
{"level":"info","message":"User service running on port http://localhost:3001","service":"api-gateway","timestamp":"2025-10-16T21:27:26.667Z"}
{"level":"info","message":"Redis Url redis://localhost:6379","service":"api-gateway","timestamp":"2025-10-16T21:27:26.668Z"}
