{"level":"info","message":"user service running on port 3001","service":"user-service","timestamp":"2025-10-16T18:04:42.026Z"}
{"cause":{"commonWireVersion":0,"compatible":true,"heartbeatFrequencyMS":10000,"localThresholdMS":15,"logicalSessionTimeoutMinutes":30,"maxElectionId":null,"maxSetVersion":null,"servers":{"ac-b385g4b-shard-00-00.gaqqdcl.mongodb.net:27017":{"$clusterTime":null,"address":"ac-b385g4b-shard-00-00.gaqqdcl.mongodb.net:27017","arbiters":[],"electionId":null,"error":{"beforeHandshake":false,"errorLabelSet":{}},"hosts":[],"iscryptd":false,"lastUpdateTime":79844066,"lastWriteDate":0,"logicalSessionTimeoutMinutes":null,"maxBsonObjectSize":null,"maxMessageSizeBytes":null,"maxWireVersion":0,"maxWriteBatchSize":null,"me":null,"minRoundTripTime":0,"minWireVersion":0,"passives":[],"primary":null,"roundTripTime":-1,"setName":null,"setVersion":null,"tags":{},"topologyVersion":null,"type":"Unknown"},"ac-b385g4b-shard-00-01.gaqqdcl.mongodb.net:27017":{"$clusterTime":{"clusterTime":{"$timestamp":{"i":6,"t":1760637903}},"signature":{"hash":{"$binary":{"base64":"agwiShlPFW4A6nEZFizoo0i/REw=","subType":"00"}},"keyId":7522879344885105000}},"address":"ac-b385g4b-shard-00-01.gaqqdcl.mongodb.net:27017","arbiters":[],"electionId":null,"error":null,"hosts":["ac-b385g4b-shard-00-00.gaqqdcl.mongodb.net:27017","ac-b385g4b-shard-00-01.gaqqdcl.mongodb.net:27017","ac-b385g4b-shard-00-02.gaqqdcl.mongodb.net:27017"],"iscryptd":false,"lastUpdateTime":79835376,"lastWriteDate":{"$date":"2025-10-16T18:05:03Z"},"logicalSessionTimeoutMinutes":30,"maxBsonObjectSize":16777216,"maxMessageSizeBytes":48000000,"maxWireVersion":25,"maxWriteBatchSize":100000,"me":"ac-b385g4b-shard-00-01.gaqqdcl.mongodb.net:27017","minRoundTripTime":68,"minWireVersion":0,"passives":[],"primary":"ac-b385g4b-shard-00-02.gaqqdcl.mongodb.net:27017","roundTripTime":115.33333333333333,"setName":"atlas-wxojnd-shard-0","setVersion":10,"tags":{"availabilityZone":"ape1-az2","diskState":"READY","nodeType":"ELECTABLE","provider":"AWS","region":"AP_EAST_1","workloadType":"OPERATIONAL"},"topologyVersion":{"counter":3,"processId":{"$oid":"68ed15365f4205b56c832f4a"}},"type":"RSSecondary"},"ac-b385g4b-shard-00-02.gaqqdcl.mongodb.net:27017":{"$clusterTime":null,"address":"ac-b385g4b-shard-00-02.gaqqdcl.mongodb.net:27017","arbiters":[],"electionId":null,"error":{"beforeHandshake":false,"errorLabelSet":{}},"hosts":[],"iscryptd":false,"lastUpdateTime":79843984,"lastWriteDate":0,"logicalSessionTimeoutMinutes":null,"maxBsonObjectSize":null,"maxMessageSizeBytes":null,"maxWireVersion":0,"maxWriteBatchSize":null,"me":null,"minRoundTripTime":0,"minWireVersion":0,"passives":[],"primary":null,"roundTripTime":-1,"setName":null,"setVersion":null,"tags":{},"topologyVersion":null,"type":"Unknown"}},"setName":"atlas-wxojnd-shard-0","stale":false,"type":"ReplicaSetNoPrimary"},"errorLabelSet":{},"level":"error","message":"2C330000:error:0A000438:SSL routines:ssl3_read_bytes:tlsv1 alert internal error:c:\\ws\\deps\\openssl\\openssl\\ssl\\record\\rec_layer_s3.c:1605:SSL alert number 80\n","reason":{"commonWireVersion":0,"compatible":true,"heartbeatFrequencyMS":10000,"localThresholdMS":15,"logicalSessionTimeoutMinutes":30,"maxElectionId":null,"maxSetVersion":null,"servers":{"ac-b385g4b-shard-00-00.gaqqdcl.mongodb.net:27017":{"$clusterTime":null,"address":"ac-b385g4b-shard-00-00.gaqqdcl.mongodb.net:27017","arbiters":[],"electionId":null,"error":{"beforeHandshake":false,"errorLabelSet":{}},"hosts":[],"iscryptd":false,"lastUpdateTime":79844066,"lastWriteDate":0,"logicalSessionTimeoutMinutes":null,"maxBsonObjectSize":null,"maxMessageSizeBytes":null,"maxWireVersion":0,"maxWriteBatchSize":null,"me":null,"minRoundTripTime":0,"minWireVersion":0,"passives":[],"primary":null,"roundTripTime":-1,"setName":null,"setVersion":null,"tags":{},"topologyVersion":null,"type":"Unknown"},"ac-b385g4b-shard-00-01.gaqqdcl.mongodb.net:27017":{"$clusterTime":{"clusterTime":{"$timestamp":{"i":6,"t":1760637903}},"signature":{"hash":{"$binary":{"base64":"agwiShlPFW4A6nEZFizoo0i/REw=","subType":"00"}},"keyId":7522879344885105000}},"address":"ac-b385g4b-shard-00-01.gaqqdcl.mongodb.net:27017","arbiters":[],"electionId":null,"error":null,"hosts":["ac-b385g4b-shard-00-00.gaqqdcl.mongodb.net:27017","ac-b385g4b-shard-00-01.gaqqdcl.mongodb.net:27017","ac-b385g4b-shard-00-02.gaqqdcl.mongodb.net:27017"],"iscryptd":false,"lastUpdateTime":79835376,"lastWriteDate":{"$date":"2025-10-16T18:05:03Z"},"logicalSessionTimeoutMinutes":30,"maxBsonObjectSize":16777216,"maxMessageSizeBytes":48000000,"maxWireVersion":25,"maxWriteBatchSize":100000,"me":"ac-b385g4b-shard-00-01.gaqqdcl.mongodb.net:27017","minRoundTripTime":68,"minWireVersion":0,"passives":[],"primary":"ac-b385g4b-shard-00-02.gaqqdcl.mongodb.net:27017","roundTripTime":115.33333333333333,"setName":"atlas-wxojnd-shard-0","setVersion":10,"tags":{"availabilityZone":"ape1-az2","diskState":"READY","nodeType":"ELECTABLE","provider":"AWS","region":"AP_EAST_1","workloadType":"OPERATIONAL"},"topologyVersion":{"counter":3,"processId":{"$oid":"68ed15365f4205b56c832f4a"}},"type":"RSSecondary"},"ac-b385g4b-shard-00-02.gaqqdcl.mongodb.net:27017":{"$clusterTime":null,"address":"ac-b385g4b-shard-00-02.gaqqdcl.mongodb.net:27017","arbiters":[],"electionId":null,"error":{"beforeHandshake":false,"errorLabelSet":{}},"hosts":[],"iscryptd":false,"lastUpdateTime":79843984,"lastWriteDate":0,"logicalSessionTimeoutMinutes":null,"maxBsonObjectSize":null,"maxMessageSizeBytes":null,"maxWireVersion":0,"maxWriteBatchSize":null,"me":null,"minRoundTripTime":0,"minWireVersion":0,"passives":[],"primary":null,"roundTripTime":-1,"setName":null,"setVersion":null,"tags":{},"topologyVersion":null,"type":"Unknown"}},"setName":"atlas-wxojnd-shard-0","stale":false,"type":"ReplicaSetNoPrimary"},"service":"user-service","stack":"MongooseServerSelectionError: 2C330000:error:0A000438:SSL routines:ssl3_read_bytes:tlsv1 alert internal error:c:\\ws\\deps\\openssl\\openssl\\ssl\\record\\rec_layer_s3.c:1605:SSL alert number 80\n\n    at _handleConnectionErrors (D:\\ReactNativeProjects\\food-del\\backend-microservices\\user-service\\node_modules\\mongoose\\lib\\connection.js:1165:11)\n    at NativeConnection.openUri (D:\\ReactNativeProjects\\food-del\\backend-microservices\\user-service\\node_modules\\mongoose\\lib\\connection.js:1096:11)","timestamp":"2025-10-16T18:05:12.116Z"}
{"level":"info","message":"user service running on port 3001","service":"user-service","timestamp":"2025-10-16T18:13:36.963Z"}
{"cause":{"commonWireVersion":0,"compatible":true,"heartbeatFrequencyMS":10000,"localThresholdMS":15,"logicalSessionTimeoutMinutes":30,"maxElectionId":null,"maxSetVersion":null,"servers":{"ac-b385g4b-shard-00-00.gaqqdcl.mongodb.net:27017":{"$clusterTime":{"clusterTime":{"$timestamp":{"i":2,"t":1760638437}},"signature":{"hash":{"$binary":{"base64":"TYhngapov7wMlWsal1aXQlxQa44=","subType":"00"}},"keyId":7522879344885105000}},"address":"ac-b385g4b-shard-00-00.gaqqdcl.mongodb.net:27017","arbiters":[],"electionId":null,"error":null,"hosts":["ac-b385g4b-shard-00-00.gaqqdcl.mongodb.net:27017","ac-b385g4b-shard-00-01.gaqqdcl.mongodb.net:27017","ac-b385g4b-shard-00-02.gaqqdcl.mongodb.net:27017"],"iscryptd":false,"lastUpdateTime":80370342,"lastWriteDate":{"$date":"2025-10-16T18:13:57Z"},"logicalSessionTimeoutMinutes":30,"maxBsonObjectSize":16777216,"maxMessageSizeBytes":48000000,"maxWireVersion":25,"maxWriteBatchSize":100000,"me":"ac-b385g4b-shard-00-00.gaqqdcl.mongodb.net:27017","minRoundTripTime":63,"minWireVersion":0,"passives":[],"primary":"ac-b385g4b-shard-00-02.gaqqdcl.mongodb.net:27017","roundTripTime":108.33333333333333,"setName":"atlas-wxojnd-shard-0","setVersion":10,"tags":{"availabilityZone":"ape1-az1","diskState":"READY","nodeType":"ELECTABLE","provider":"AWS","region":"AP_EAST_1","workloadType":"OPERATIONAL"},"topologyVersion":{"counter":4,"processId":{"$oid":"68ed14db009f289cb759a757"}},"type":"RSSecondary"},"ac-b385g4b-shard-00-01.gaqqdcl.mongodb.net:27017":{"$clusterTime":null,"address":"ac-b385g4b-shard-00-01.gaqqdcl.mongodb.net:27017","arbiters":[],"electionId":null,"error":{"beforeHandshake":false,"errorLabelSet":{}},"hosts":[],"iscryptd":false,"lastUpdateTime":80378950,"lastWriteDate":0,"logicalSessionTimeoutMinutes":null,"maxBsonObjectSize":null,"maxMessageSizeBytes":null,"maxWireVersion":0,"maxWriteBatchSize":null,"me":null,"minRoundTripTime":0,"minWireVersion":0,"passives":[],"primary":null,"roundTripTime":-1,"setName":null,"setVersion":null,"tags":{},"topologyVersion":null,"type":"Unknown"},"ac-b385g4b-shard-00-02.gaqqdcl.mongodb.net:27017":{"$clusterTime":null,"address":"ac-b385g4b-shard-00-02.gaqqdcl.mongodb.net:27017","arbiters":[],"electionId":null,"error":{"beforeHandshake":false,"errorLabelSet":{}},"hosts":[],"iscryptd":false,"lastUpdateTime":80379262,"lastWriteDate":0,"logicalSessionTimeoutMinutes":null,"maxBsonObjectSize":null,"maxMessageSizeBytes":null,"maxWireVersion":0,"maxWriteBatchSize":null,"me":null,"minRoundTripTime":0,"minWireVersion":0,"passives":[],"primary":null,"roundTripTime":-1,"setName":null,"setVersion":null,"tags":{},"topologyVersion":null,"type":"Unknown"}},"setName":"atlas-wxojnd-shard-0","stale":false,"type":"ReplicaSetNoPrimary"},"errorLabelSet":{},"level":"error","message":"68310000:error:0A000438:SSL routines:ssl3_read_bytes:tlsv1 alert internal error:c:\\ws\\deps\\openssl\\openssl\\ssl\\record\\rec_layer_s3.c:1605:SSL alert number 80\n","reason":{"commonWireVersion":0,"compatible":true,"heartbeatFrequencyMS":10000,"localThresholdMS":15,"logicalSessionTimeoutMinutes":30,"maxElectionId":null,"maxSetVersion":null,"servers":{"ac-b385g4b-shard-00-00.gaqqdcl.mongodb.net:27017":{"$clusterTime":{"clusterTime":{"$timestamp":{"i":2,"t":1760638437}},"signature":{"hash":{"$binary":{"base64":"TYhngapov7wMlWsal1aXQlxQa44=","subType":"00"}},"keyId":7522879344885105000}},"address":"ac-b385g4b-shard-00-00.gaqqdcl.mongodb.net:27017","arbiters":[],"electionId":null,"error":null,"hosts":["ac-b385g4b-shard-00-00.gaqqdcl.mongodb.net:27017","ac-b385g4b-shard-00-01.gaqqdcl.mongodb.net:27017","ac-b385g4b-shard-00-02.gaqqdcl.mongodb.net:27017"],"iscryptd":false,"lastUpdateTime":80370342,"lastWriteDate":{"$date":"2025-10-16T18:13:57Z"},"logicalSessionTimeoutMinutes":30,"maxBsonObjectSize":16777216,"maxMessageSizeBytes":48000000,"maxWireVersion":25,"maxWriteBatchSize":100000,"me":"ac-b385g4b-shard-00-00.gaqqdcl.mongodb.net:27017","minRoundTripTime":63,"minWireVersion":0,"passives":[],"primary":"ac-b385g4b-shard-00-02.gaqqdcl.mongodb.net:27017","roundTripTime":108.33333333333333,"setName":"atlas-wxojnd-shard-0","setVersion":10,"tags":{"availabilityZone":"ape1-az1","diskState":"READY","nodeType":"ELECTABLE","provider":"AWS","region":"AP_EAST_1","workloadType":"OPERATIONAL"},"topologyVersion":{"counter":4,"processId":{"$oid":"68ed14db009f289cb759a757"}},"type":"RSSecondary"},"ac-b385g4b-shard-00-01.gaqqdcl.mongodb.net:27017":{"$clusterTime":null,"address":"ac-b385g4b-shard-00-01.gaqqdcl.mongodb.net:27017","arbiters":[],"electionId":null,"error":{"beforeHandshake":false,"errorLabelSet":{}},"hosts":[],"iscryptd":false,"lastUpdateTime":80378950,"lastWriteDate":0,"logicalSessionTimeoutMinutes":null,"maxBsonObjectSize":null,"maxMessageSizeBytes":null,"maxWireVersion":0,"maxWriteBatchSize":null,"me":null,"minRoundTripTime":0,"minWireVersion":0,"passives":[],"primary":null,"roundTripTime":-1,"setName":null,"setVersion":null,"tags":{},"topologyVersion":null,"type":"Unknown"},"ac-b385g4b-shard-00-02.gaqqdcl.mongodb.net:27017":{"$clusterTime":null,"address":"ac-b385g4b-shard-00-02.gaqqdcl.mongodb.net:27017","arbiters":[],"electionId":null,"error":{"beforeHandshake":false,"errorLabelSet":{}},"hosts":[],"iscryptd":false,"lastUpdateTime":80379262,"lastWriteDate":0,"logicalSessionTimeoutMinutes":null,"maxBsonObjectSize":null,"maxMessageSizeBytes":null,"maxWireVersion":0,"maxWriteBatchSize":null,"me":null,"minRoundTripTime":0,"minWireVersion":0,"passives":[],"primary":null,"roundTripTime":-1,"setName":null,"setVersion":null,"tags":{},"topologyVersion":null,"type":"Unknown"}},"setName":"atlas-wxojnd-shard-0","stale":false,"type":"ReplicaSetNoPrimary"},"service":"user-service","stack":"MongooseServerSelectionError: 68310000:error:0A000438:SSL routines:ssl3_read_bytes:tlsv1 alert internal error:c:\\ws\\deps\\openssl\\openssl\\ssl\\record\\rec_layer_s3.c:1605:SSL alert number 80\n\n    at _handleConnectionErrors (D:\\ReactNativeProjects\\food-del\\backend-microservices\\user-service\\node_modules\\mongoose\\lib\\connection.js:1165:11)\n    at NativeConnection.openUri (D:\\ReactNativeProjects\\food-del\\backend-microservices\\user-service\\node_modules\\mongoose\\lib\\connection.js:1096:11)","timestamp":"2025-10-16T18:14:07.096Z"}
{"level":"info","message":"user service running on port 3001","service":"user-service","timestamp":"2025-10-16T18:21:11.327Z"}
{"level":"info","message":"Ket noi db thanh cong","service":"user-service","timestamp":"2025-10-16T18:21:12.239Z"}
{"level":"error","message":"SyntaxError: Expected property name or '}' in JSON at position 7 (line 2 column 5)\n    at JSON.parse (<anonymous>)\n    at parse (D:\\ReactNativeProjects\\food-del\\backend-microservices\\user-service\\node_modules\\body-parser\\lib\\types\\json.js:77:19)\n    at D:\\ReactNativeProjects\\food-del\\backend-microservices\\user-service\\node_modules\\body-parser\\lib\\read.js:123:18\n    at AsyncResource.runInAsyncScope (node:async_hooks:214:14)\n    at invokeCallback (D:\\ReactNativeProjects\\food-del\\backend-microservices\\user-service\\node_modules\\raw-body\\index.js:238:16)\n    at done (D:\\ReactNativeProjects\\food-del\\backend-microservices\\user-service\\node_modules\\raw-body\\index.js:227:7)\n    at IncomingMessage.onEnd (D:\\ReactNativeProjects\\food-del\\backend-microservices\\user-service\\node_modules\\raw-body\\index.js:287:7)\n    at IncomingMessage.emit (node:events:519:28)\n    at endReadableNT (node:internal/streams/readable:1698:12)\n    at process.processTicksAndRejections (node:internal/process/task_queues:90:21)","service":"user-service","timestamp":"2025-10-16T18:50:18.006Z"}
{"level":"error","message":"SyntaxError: Expected property name or '}' in JSON at position 7 (line 2 column 5)\n    at JSON.parse (<anonymous>)\n    at parse (D:\\ReactNativeProjects\\food-del\\backend-microservices\\user-service\\node_modules\\body-parser\\lib\\types\\json.js:77:19)\n    at D:\\ReactNativeProjects\\food-del\\backend-microservices\\user-service\\node_modules\\body-parser\\lib\\read.js:123:18\n    at AsyncResource.runInAsyncScope (node:async_hooks:214:14)\n    at invokeCallback (D:\\ReactNativeProjects\\food-del\\backend-microservices\\user-service\\node_modules\\raw-body\\index.js:238:16)\n    at done (D:\\ReactNativeProjects\\food-del\\backend-microservices\\user-service\\node_modules\\raw-body\\index.js:227:7)\n    at IncomingMessage.onEnd (D:\\ReactNativeProjects\\food-del\\backend-microservices\\user-service\\node_modules\\raw-body\\index.js:287:7)\n    at IncomingMessage.emit (node:events:519:28)\n    at endReadableNT (node:internal/streams/readable:1698:12)\n    at process.processTicksAndRejections (node:internal/process/task_queues:90:21)","service":"user-service","timestamp":"2025-10-16T18:52:56.160Z"}
{"level":"error","message":"SyntaxError: Expected property name or '}' in JSON at position 7 (line 2 column 5)\n    at JSON.parse (<anonymous>)\n    at parse (D:\\ReactNativeProjects\\food-del\\backend-microservices\\user-service\\node_modules\\body-parser\\lib\\types\\json.js:77:19)\n    at D:\\ReactNativeProjects\\food-del\\backend-microservices\\user-service\\node_modules\\body-parser\\lib\\read.js:123:18\n    at AsyncResource.runInAsyncScope (node:async_hooks:214:14)\n    at invokeCallback (D:\\ReactNativeProjects\\food-del\\backend-microservices\\user-service\\node_modules\\raw-body\\index.js:238:16)\n    at done (D:\\ReactNativeProjects\\food-del\\backend-microservices\\user-service\\node_modules\\raw-body\\index.js:227:7)\n    at IncomingMessage.onEnd (D:\\ReactNativeProjects\\food-del\\backend-microservices\\user-service\\node_modules\\raw-body\\index.js:287:7)\n    at IncomingMessage.emit (node:events:519:28)\n    at endReadableNT (node:internal/streams/readable:1698:12)\n    at process.processTicksAndRejections (node:internal/process/task_queues:90:21)","service":"user-service","timestamp":"2025-10-16T18:53:30.671Z"}
{"level":"info","message":"Received POST request to /api/auth/register","service":"user-service","timestamp":"2025-10-16T19:00:15.392Z"}
{"level":"info","message":"Request body, [object Object]","service":"user-service","timestamp":"2025-10-16T19:00:15.393Z"}
{"level":"info","message":"Registration endpoint hit...","service":"user-service","timestamp":"2025-10-16T19:00:15.402Z"}
{"level":"error","message":"loi dang ky:  Joi.string(...).min(...).max(...).require is not a function","service":"user-service","stack":"TypeError: Joi.string(...).min(...).max(...).require is not a function\n    at validateRegistration (D:\\ReactNativeProjects\\food-del\\backend-microservices\\user-service\\src\\utils\\validation.js:5:47)\n    at registerUser (D:\\ReactNativeProjects\\food-del\\backend-microservices\\user-service\\src\\controllers\\user-controller.js:12:27)\n    at Layer.handleRequest (D:\\ReactNativeProjects\\food-del\\backend-microservices\\user-service\\node_modules\\router\\lib\\layer.js:152:17)\n    at next (D:\\ReactNativeProjects\\food-del\\backend-microservices\\user-service\\node_modules\\router\\lib\\route.js:157:13)\n    at Route.dispatch (D:\\ReactNativeProjects\\food-del\\backend-microservices\\user-service\\node_modules\\router\\lib\\route.js:117:3)\n    at handle (D:\\ReactNativeProjects\\food-del\\backend-microservices\\user-service\\node_modules\\router\\index.js:435:11)\n    at Layer.handleRequest (D:\\ReactNativeProjects\\food-del\\backend-microservices\\user-service\\node_modules\\router\\lib\\layer.js:152:17)\n    at D:\\ReactNativeProjects\\food-del\\backend-microservices\\user-service\\node_modules\\router\\index.js:295:15\n    at processParams (D:\\ReactNativeProjects\\food-del\\backend-microservices\\user-service\\node_modules\\router\\index.js:582:12)\n    at next (D:\\ReactNativeProjects\\food-del\\backend-microservices\\user-service\\node_modules\\router\\index.js:291:5)","timestamp":"2025-10-16T19:00:15.405Z"}
{"level":"info","message":"user service running on port 3001","service":"user-service","timestamp":"2025-10-16T19:02:35.018Z"}
{"level":"info","message":"Ket noi db thanh cong","service":"user-service","timestamp":"2025-10-16T19:02:36.132Z"}
{"level":"info","message":"Received POST request to /api/auth/register","service":"user-service","timestamp":"2025-10-16T19:02:41.144Z"}
{"level":"info","message":"Request body, [object Object]","service":"user-service","timestamp":"2025-10-16T19:02:41.145Z"}
{"level":"info","message":"Registration endpoint hit...","service":"user-service","timestamp":"2025-10-16T19:02:41.151Z"}
{"level":"error","message":"loi dang ky:  Joi.string(...).email(...).require is not a function","service":"user-service","stack":"TypeError: Joi.string(...).email(...).require is not a function\n    at validateRegistration (D:\\ReactNativeProjects\\food-del\\backend-microservices\\user-service\\src\\utils\\validation.js:6:37)\n    at registerUser (D:\\ReactNativeProjects\\food-del\\backend-microservices\\user-service\\src\\controllers\\user-controller.js:12:27)\n    at Layer.handleRequest (D:\\ReactNativeProjects\\food-del\\backend-microservices\\user-service\\node_modules\\router\\lib\\layer.js:152:17)\n    at next (D:\\ReactNativeProjects\\food-del\\backend-microservices\\user-service\\node_modules\\router\\lib\\route.js:157:13)\n    at Route.dispatch (D:\\ReactNativeProjects\\food-del\\backend-microservices\\user-service\\node_modules\\router\\lib\\route.js:117:3)\n    at handle (D:\\ReactNativeProjects\\food-del\\backend-microservices\\user-service\\node_modules\\router\\index.js:435:11)\n    at Layer.handleRequest (D:\\ReactNativeProjects\\food-del\\backend-microservices\\user-service\\node_modules\\router\\lib\\layer.js:152:17)\n    at D:\\ReactNativeProjects\\food-del\\backend-microservices\\user-service\\node_modules\\router\\index.js:295:15\n    at processParams (D:\\ReactNativeProjects\\food-del\\backend-microservices\\user-service\\node_modules\\router\\index.js:582:12)\n    at next (D:\\ReactNativeProjects\\food-del\\backend-microservices\\user-service\\node_modules\\router\\index.js:291:5)","timestamp":"2025-10-16T19:02:41.155Z"}
{"level":"info","message":"user service running on port 3001","service":"user-service","timestamp":"2025-10-16T19:03:19.467Z"}
{"level":"info","message":"Ket noi db thanh cong","service":"user-service","timestamp":"2025-10-16T19:03:20.314Z"}
{"level":"info","message":"user service running on port 3001","service":"user-service","timestamp":"2025-10-16T19:03:21.993Z"}
{"level":"info","message":"Ket noi db thanh cong","service":"user-service","timestamp":"2025-10-16T19:03:22.720Z"}
{"level":"info","message":"Received POST request to /api/auth/register","service":"user-service","timestamp":"2025-10-16T19:03:39.084Z"}
{"level":"info","message":"Request body, [object Object]","service":"user-service","timestamp":"2025-10-16T19:03:39.085Z"}
{"level":"info","message":"Registration endpoint hit...","service":"user-service","timestamp":"2025-10-16T19:03:39.090Z"}
{"buffer":{"data":[104,241,65,139,176,164,238,213,208,238,2,26],"type":"Buffer"},"level":"warn","message":"User saved successfully","service":"user-service","timestamp":"2025-10-16T19:03:39.359Z"}
{"level":"error","message":"loi dang ky:  refreshToken.create is not a function","service":"user-service","stack":"TypeError: refreshToken.create is not a function\n    at generateTokens (D:\\ReactNativeProjects\\food-del\\backend-microservices\\user-service\\src\\utils\\generateToken.js:16:24)\n    at registerUser (D:\\ReactNativeProjects\\food-del\\backend-microservices\\user-service\\src\\controllers\\user-controller.js:34:51)\n    at process.processTicksAndRejections (node:internal/process/task_queues:105:5)","timestamp":"2025-10-16T19:03:39.368Z"}
{"level":"info","message":"user service running on port 3001","service":"user-service","timestamp":"2025-10-16T19:05:35.381Z"}
{"level":"info","message":"user service running on port 3001","service":"user-service","timestamp":"2025-10-16T19:05:39.114Z"}
{"level":"info","message":"Ket noi db thanh cong","service":"user-service","timestamp":"2025-10-16T19:05:40.159Z"}
{"level":"info","message":"user service running on port 3001","service":"user-service","timestamp":"2025-10-16T19:05:56.883Z"}
{"level":"info","message":"Ket noi db thanh cong","service":"user-service","timestamp":"2025-10-16T19:05:57.569Z"}
{"level":"info","message":"user service running on port 3001","service":"user-service","timestamp":"2025-10-16T19:06:12.219Z"}
{"level":"info","message":"Ket noi db thanh cong","service":"user-service","timestamp":"2025-10-16T19:06:12.964Z"}
{"level":"info","message":"Received POST request to /api/auth/register","service":"user-service","timestamp":"2025-10-16T19:06:17.551Z"}
{"level":"info","message":"Request body, [object Object]","service":"user-service","timestamp":"2025-10-16T19:06:17.552Z"}
{"level":"info","message":"Registration endpoint hit...","service":"user-service","timestamp":"2025-10-16T19:06:17.556Z"}
{"level":"warn","message":"nguoi dung da ton tai","service":"user-service","timestamp":"2025-10-16T19:06:17.641Z"}
{"level":"info","message":"Received POST request to /api/auth/register","service":"user-service","timestamp":"2025-10-16T19:06:49.098Z"}
{"level":"info","message":"Request body, [object Object]","service":"user-service","timestamp":"2025-10-16T19:06:49.098Z"}
{"level":"info","message":"Registration endpoint hit...","service":"user-service","timestamp":"2025-10-16T19:06:49.100Z"}
{"level":"warn","message":"nguoi dung da ton tai","service":"user-service","timestamp":"2025-10-16T19:06:49.173Z"}
{"level":"info","message":"Received POST request to /api/auth/register","service":"user-service","timestamp":"2025-10-16T19:08:42.737Z"}
{"level":"info","message":"Request body, [object Object]","service":"user-service","timestamp":"2025-10-16T19:08:42.737Z"}
{"level":"info","message":"Registration endpoint hit...","service":"user-service","timestamp":"2025-10-16T19:08:42.738Z"}
{"buffer":{"data":[104,241,66,186,197,107,162,64,79,247,250,79],"type":"Buffer"},"level":"warn","message":"User saved successfully","service":"user-service","timestamp":"2025-10-16T19:08:43.003Z"}
{"level":"error","message":"loi dang ky:  refreshToken is not defined","service":"user-service","stack":"ReferenceError: refreshToken is not defined\n    at generateTokens (D:\\ReactNativeProjects\\food-del\\backend-microservices\\user-service\\src\\utils\\generateToken.js:16:5)\n    at registerUser (D:\\ReactNativeProjects\\food-del\\backend-microservices\\user-service\\src\\controllers\\user-controller.js:34:51)\n    at process.processTicksAndRejections (node:internal/process/task_queues:105:5)","timestamp":"2025-10-16T19:08:43.013Z"}
{"level":"info","message":"user service running on port 3001","service":"user-service","timestamp":"2025-10-16T19:09:04.410Z"}
{"level":"info","message":"Ket noi db thanh cong","service":"user-service","timestamp":"2025-10-16T19:09:05.316Z"}
{"level":"info","message":"Received POST request to /api/auth/register","service":"user-service","timestamp":"2025-10-16T19:09:11.727Z"}
{"level":"info","message":"Request body, [object Object]","service":"user-service","timestamp":"2025-10-16T19:09:11.728Z"}
{"level":"info","message":"Registration endpoint hit...","service":"user-service","timestamp":"2025-10-16T19:09:11.732Z"}
{"buffer":{"data":[104,241,66,215,211,159,225,174,179,231,136,28],"type":"Buffer"},"level":"warn","message":"User saved successfully","service":"user-service","timestamp":"2025-10-16T19:09:11.996Z"}
{"level":"info","message":"Received POST request to /api/auth/register","service":"user-service","timestamp":"2025-10-16T19:35:33.708Z"}
{"level":"info","message":"Request body, [object Object]","service":"user-service","timestamp":"2025-10-16T19:35:33.709Z"}
{"level":"info","message":"Registration endpoint hit...","service":"user-service","timestamp":"2025-10-16T19:35:33.712Z"}
{"level":"warn","message":"nguoi dung da ton tai","service":"user-service","timestamp":"2025-10-16T19:35:33.781Z"}
{"level":"info","message":"user service running on port 3001","service":"user-service","timestamp":"2025-10-16T19:53:39.277Z"}
{"level":"info","message":"Ket noi db thanh cong","service":"user-service","timestamp":"2025-10-16T19:53:40.181Z"}
{"level":"info","message":"Received POST request to /api/auth/register","service":"user-service","timestamp":"2025-10-16T19:56:33.857Z"}
{"level":"info","message":"Request body, [object Object]","service":"user-service","timestamp":"2025-10-16T19:56:33.858Z"}
{"level":"info","message":"Registration endpoint hit...","service":"user-service","timestamp":"2025-10-16T19:56:34.098Z"}
{"buffer":{"data":[104,241,77,242,227,144,7,133,183,163,149,2],"type":"Buffer"},"level":"warn","message":"User saved successfully","service":"user-service","timestamp":"2025-10-16T19:56:34.344Z"}
{"level":"info","message":"Received POST request to /api/auth/register","service":"user-service","timestamp":"2025-10-16T21:25:16.922Z"}
{"level":"info","message":"Request body, [object Object]","service":"user-service","timestamp":"2025-10-16T21:25:16.929Z"}
{"level":"info","message":"Registration endpoint hit...","service":"user-service","timestamp":"2025-10-16T21:25:16.936Z"}
{"buffer":{"data":[104,241,98,189,227,144,7,133,183,163,149,7],"type":"Buffer"},"level":"warn","message":"User saved successfully","service":"user-service","timestamp":"2025-10-16T21:25:17.191Z"}
{"level":"info","message":"Received POST request to /api/auth/register","service":"user-service","timestamp":"2025-10-16T21:36:12.064Z"}
{"level":"info","message":"Request body, [object Object]","service":"user-service","timestamp":"2025-10-16T21:36:12.065Z"}
{"level":"info","message":"Registration endpoint hit...","service":"user-service","timestamp":"2025-10-16T21:36:12.068Z"}
{"0":"\"","1":"p","10":" ","11":"m","12":"u","13":"s","14":"t","15":" ","16":"b","17":"e","18":" ","19":"a","2":"a","20":" ","21":"s","22":"t","23":"r","24":"i","25":"n","26":"g","3":"s","4":"s","5":"w","6":"o","7":"r","8":"d","9":"\"","level":"warn","message":"Validation error","service":"user-service","timestamp":"2025-10-16T21:36:12.096Z"}
{"level":"info","message":"Received POST request to /api/auth/register","service":"user-service","timestamp":"2025-10-16T21:36:22.054Z"}
{"level":"info","message":"Request body, [object Object]","service":"user-service","timestamp":"2025-10-16T21:36:22.054Z"}
{"level":"info","message":"Registration endpoint hit...","service":"user-service","timestamp":"2025-10-16T21:36:22.057Z"}
{"buffer":{"data":[104,241,101,86,227,144,7,133,183,163,149,12],"type":"Buffer"},"level":"warn","message":"User saved successfully","service":"user-service","timestamp":"2025-10-16T21:36:22.293Z"}
{"level":"info","message":"user service running on port 3001","service":"user-service","timestamp":"2025-10-16T21:58:51.958Z"}
{"level":"info","message":"Ket noi db thanh cong","service":"user-service","timestamp":"2025-10-16T21:58:52.884Z"}
{"level":"info","message":"user service running on port 3001","service":"user-service","timestamp":"2025-10-28T03:01:21.092Z"}
{"level":"info","message":"Ket noi db thanh cong","service":"user-service","timestamp":"2025-10-28T03:01:21.936Z"}
{"level":"info","message":"Received POST request to /api/auth/register","service":"user-service","timestamp":"2025-10-28T03:01:28.911Z"}
{"level":"info","message":"Request body, [object Object]","service":"user-service","timestamp":"2025-10-28T03:01:28.911Z"}
{"level":"info","message":"Registration endpoint hit...","service":"user-service","timestamp":"2025-10-28T03:01:28.919Z"}
{"buffer":{"data":[105,0,50,9,85,192,52,166,180,68,13,99],"type":"Buffer"},"level":"warn","message":"User saved successfully","service":"user-service","timestamp":"2025-10-28T03:01:29.213Z"}
{"level":"info","message":"Received POST request to /api/auth/register","service":"user-service","timestamp":"2025-10-28T03:09:15.237Z"}
{"level":"info","message":"Request body, [object Object]","service":"user-service","timestamp":"2025-10-28T03:09:15.238Z"}
{"level":"info","message":"Registration endpoint hit...","service":"user-service","timestamp":"2025-10-28T03:09:15.240Z"}
{"level":"warn","message":"nguoi dung da ton tai","service":"user-service","timestamp":"2025-10-28T03:09:15.304Z"}
{"level":"info","message":"user service running on port 3001","service":"user-service","timestamp":"2025-10-28T03:16:27.814Z"}
{"level":"info","message":"Ket noi db thanh cong","service":"user-service","timestamp":"2025-10-28T03:16:28.606Z"}
{"level":"info","message":"user service running on port 3001","service":"user-service","timestamp":"2025-10-28T03:16:46.662Z"}
{"level":"info","message":"user service running on port 3001","service":"user-service","timestamp":"2025-10-28T03:16:54.763Z"}
{"level":"info","message":"Ket noi db thanh cong","service":"user-service","timestamp":"2025-10-28T03:16:55.498Z"}
{"level":"info","message":"user service running on port 3001","service":"user-service","timestamp":"2025-10-28T03:16:59.158Z"}
{"level":"info","message":"Ket noi db thanh cong","service":"user-service","timestamp":"2025-10-28T03:16:59.849Z"}
{"level":"info","message":"user service running on port 3001","service":"user-service","timestamp":"2025-10-28T03:17:05.426Z"}
{"level":"info","message":"Ket noi db thanh cong","service":"user-service","timestamp":"2025-10-28T03:17:06.250Z"}
{"level":"info","message":"user service running on port 3001","service":"user-service","timestamp":"2025-10-28T03:17:16.122Z"}
{"level":"info","message":"Ket noi db thanh cong","service":"user-service","timestamp":"2025-10-28T03:17:16.821Z"}
{"level":"info","message":"user service running on port 3001","service":"user-service","timestamp":"2025-10-28T03:17:29.962Z"}
{"level":"info","message":"Ket noi db thanh cong","service":"user-service","timestamp":"2025-10-28T03:17:30.711Z"}
{"level":"info","message":"user service running on port 3001","service":"user-service","timestamp":"2025-10-28T03:17:52.473Z"}
{"level":"info","message":"user service running on port 3001","service":"user-service","timestamp":"2025-10-28T03:17:57.353Z"}
{"level":"info","message":"Ket noi db thanh cong","service":"user-service","timestamp":"2025-10-28T03:17:58.007Z"}
{"level":"info","message":"user service running on port 3001","service":"user-service","timestamp":"2025-10-28T03:18:02.351Z"}
{"level":"info","message":"Ket noi db thanh cong","service":"user-service","timestamp":"2025-10-28T03:18:03.039Z"}
{"level":"info","message":"user service running on port 3001","service":"user-service","timestamp":"2025-10-28T03:18:05.196Z"}
{"level":"info","message":"Ket noi db thanh cong","service":"user-service","timestamp":"2025-10-28T03:18:05.865Z"}
{"level":"info","message":"user service running on port 3001","service":"user-service","timestamp":"2025-10-28T03:18:20.739Z"}
{"level":"info","message":"Ket noi db thanh cong","service":"user-service","timestamp":"2025-10-28T03:18:21.499Z"}
{"level":"info","message":"user service running on port 3001","service":"user-service","timestamp":"2025-10-28T03:18:46.881Z"}
{"level":"info","message":"Ket noi db thanh cong","service":"user-service","timestamp":"2025-10-28T03:18:47.540Z"}
{"level":"info","message":"user service running on port 3001","service":"user-service","timestamp":"2025-10-28T03:18:49.626Z"}
{"level":"info","message":"Ket noi db thanh cong","service":"user-service","timestamp":"2025-10-28T03:18:50.347Z"}
{"level":"info","message":"user service running on port 3001","service":"user-service","timestamp":"2025-10-28T03:19:02.065Z"}
{"level":"info","message":"Ket noi db thanh cong","service":"user-service","timestamp":"2025-10-28T03:19:02.745Z"}
{"level":"info","message":"user service running on port 3001","service":"user-service","timestamp":"2025-10-28T03:19:06.130Z"}
{"level":"info","message":"Ket noi db thanh cong","service":"user-service","timestamp":"2025-10-28T03:19:06.922Z"}
{"level":"info","message":"user service running on port 3001","service":"user-service","timestamp":"2025-10-28T03:19:17.689Z"}
{"level":"info","message":"Ket noi db thanh cong","service":"user-service","timestamp":"2025-10-28T03:19:18.429Z"}
{"level":"info","message":"user service running on port 3001","service":"user-service","timestamp":"2025-10-28T03:19:30.368Z"}
{"level":"info","message":"Ket noi db thanh cong","service":"user-service","timestamp":"2025-10-28T03:19:31.102Z"}
{"level":"info","message":"user service running on port 3001","service":"user-service","timestamp":"2025-10-28T03:20:17.911Z"}
{"level":"info","message":"Ket noi db thanh cong","service":"user-service","timestamp":"2025-10-28T03:20:18.684Z"}
{"level":"info","message":"user service running on port 3001","service":"user-service","timestamp":"2025-10-28T03:20:26.536Z"}
{"level":"info","message":"user service running on port 3001","service":"user-service","timestamp":"2025-10-28T03:20:28.331Z"}
{"level":"info","message":"Ket noi db thanh cong","service":"user-service","timestamp":"2025-10-28T03:20:28.976Z"}
{"level":"info","message":"user service running on port 3001","service":"user-service","timestamp":"2025-10-28T03:20:40.594Z"}
{"level":"info","message":"Ket noi db thanh cong","service":"user-service","timestamp":"2025-10-28T03:20:41.260Z"}
{"level":"info","message":"user service running on port 3001","service":"user-service","timestamp":"2025-10-28T03:20:43.173Z"}
{"level":"info","message":"user service running on port 3001","service":"user-service","timestamp":"2025-10-28T03:20:45.660Z"}
{"level":"info","message":"Ket noi db thanh cong","service":"user-service","timestamp":"2025-10-28T03:20:46.361Z"}
{"level":"info","message":"user service running on port 3001","service":"user-service","timestamp":"2025-10-28T03:20:57.310Z"}
{"level":"info","message":"Ket noi db thanh cong","service":"user-service","timestamp":"2025-10-28T03:20:58.030Z"}
{"level":"info","message":"user service running on port 3001","service":"user-service","timestamp":"2025-10-28T03:21:01.054Z"}
{"level":"info","message":"Ket noi db thanh cong","service":"user-service","timestamp":"2025-10-28T03:21:01.724Z"}
{"level":"info","message":"user service running on port 3001","service":"user-service","timestamp":"2025-10-28T03:21:16.192Z"}
{"level":"info","message":"Ket noi db thanh cong","service":"user-service","timestamp":"2025-10-28T03:21:16.840Z"}
{"level":"info","message":"user service running on port 3001","service":"user-service","timestamp":"2025-10-28T03:21:22.687Z"}
{"level":"info","message":"Ket noi db thanh cong","service":"user-service","timestamp":"2025-10-28T03:21:23.416Z"}
{"level":"info","message":"user service running on port 3001","service":"user-service","timestamp":"2025-10-28T03:21:26.740Z"}
{"level":"info","message":"Ket noi db thanh cong","service":"user-service","timestamp":"2025-10-28T03:21:27.461Z"}
{"level":"info","message":"user service running on port 3001","service":"user-service","timestamp":"2025-10-28T03:21:34.692Z"}
{"level":"info","message":"Ket noi db thanh cong","service":"user-service","timestamp":"2025-10-28T03:21:35.402Z"}
{"level":"info","message":"user service running on port 3001","service":"user-service","timestamp":"2025-10-28T03:21:40.706Z"}
{"level":"info","message":"Ket noi db thanh cong","service":"user-service","timestamp":"2025-10-28T03:21:41.382Z"}
{"level":"info","message":"user service running on port 3001","service":"user-service","timestamp":"2025-10-28T03:22:01.025Z"}
{"level":"info","message":"Ket noi db thanh cong","service":"user-service","timestamp":"2025-10-28T03:22:01.679Z"}
{"level":"info","message":"user service running on port 3001","service":"user-service","timestamp":"2025-10-28T03:22:14.026Z"}
{"level":"info","message":"Ket noi db thanh cong","service":"user-service","timestamp":"2025-10-28T03:22:14.727Z"}
{"level":"info","message":"user service running on port 3001","service":"user-service","timestamp":"2025-10-28T03:23:40.717Z"}
{"level":"info","message":"Ket noi db thanh cong","service":"user-service","timestamp":"2025-10-28T03:23:41.460Z"}
{"level":"info","message":"user service running on port 3001","service":"user-service","timestamp":"2025-10-28T03:23:51.426Z"}
{"level":"info","message":"user service running on port 3001","service":"user-service","timestamp":"2025-10-28T03:23:53.330Z"}
{"level":"info","message":"Ket noi db thanh cong","service":"user-service","timestamp":"2025-10-28T03:23:54.003Z"}
{"level":"info","message":"user service running on port 3001","service":"user-service","timestamp":"2025-10-28T03:23:55.790Z"}
{"level":"info","message":"user service running on port 3001","service":"user-service","timestamp":"2025-10-28T03:23:57.443Z"}
{"level":"info","message":"Ket noi db thanh cong","service":"user-service","timestamp":"2025-10-28T03:23:58.080Z"}
{"level":"info","message":"user service running on port 3001","service":"user-service","timestamp":"2025-10-28T03:24:00.664Z"}
{"level":"info","message":"Ket noi db thanh cong","service":"user-service","timestamp":"2025-10-28T03:24:01.305Z"}
{"level":"info","message":"user service running on port 3001","service":"user-service","timestamp":"2025-10-28T03:24:08.100Z"}
{"level":"info","message":"Ket noi db thanh cong","service":"user-service","timestamp":"2025-10-28T03:24:08.782Z"}
{"level":"info","message":"user service running on port 3001","service":"user-service","timestamp":"2025-10-28T03:24:13.284Z"}
{"level":"info","message":"user service running on port 3001","service":"user-service","timestamp":"2025-10-28T03:24:15.526Z"}
{"level":"info","message":"user service running on port 3001","service":"user-service","timestamp":"2025-10-28T03:24:18.140Z"}
{"level":"info","message":"user service running on port 3001","service":"user-service","timestamp":"2025-10-28T03:24:20.644Z"}
{"level":"info","message":"Ket noi db thanh cong","service":"user-service","timestamp":"2025-10-28T03:24:21.321Z"}
{"level":"info","message":"user service running on port 3001","service":"user-service","timestamp":"2025-10-28T03:24:24.195Z"}
{"level":"info","message":"user service running on port 3001","service":"user-service","timestamp":"2025-10-28T03:24:27.750Z"}
{"level":"info","message":"Ket noi db thanh cong","service":"user-service","timestamp":"2025-10-28T03:24:28.422Z"}
{"level":"info","message":"user service running on port 3001","service":"user-service","timestamp":"2025-10-28T03:24:32.682Z"}
{"level":"info","message":"Ket noi db thanh cong","service":"user-service","timestamp":"2025-10-28T03:24:33.370Z"}
{"level":"info","message":"user service running on port 3001","service":"user-service","timestamp":"2025-10-28T03:24:38.456Z"}
{"level":"info","message":"Ket noi db thanh cong","service":"user-service","timestamp":"2025-10-28T03:24:39.133Z"}
{"level":"info","message":"user service running on port 3001","service":"user-service","timestamp":"2025-10-28T03:24:45.070Z"}
{"level":"info","message":"Ket noi db thanh cong","service":"user-service","timestamp":"2025-10-28T03:24:45.856Z"}
{"level":"info","message":"user service running on port 3001","service":"user-service","timestamp":"2025-10-28T03:25:02.077Z"}
{"level":"info","message":"Ket noi db thanh cong","service":"user-service","timestamp":"2025-10-28T03:25:02.772Z"}
{"level":"info","message":"user service running on port 3001","service":"user-service","timestamp":"2025-10-28T03:25:10.193Z"}
{"level":"info","message":"user service running on port 3001","service":"user-service","timestamp":"2025-10-28T03:25:19.686Z"}
{"level":"info","message":"Ket noi db thanh cong","service":"user-service","timestamp":"2025-10-28T03:25:20.386Z"}
{"level":"info","message":"user service running on port 3001","service":"user-service","timestamp":"2025-10-28T03:25:30.324Z"}
{"level":"info","message":"Ket noi db thanh cong","service":"user-service","timestamp":"2025-10-28T03:25:31.042Z"}
{"level":"info","message":"user service running on port 3001","service":"user-service","timestamp":"2025-10-28T03:25:33.270Z"}
{"level":"info","message":"Ket noi db thanh cong","service":"user-service","timestamp":"2025-10-28T03:25:33.987Z"}
{"level":"info","message":"user service running on port 3001","service":"user-service","timestamp":"2025-10-28T03:25:37.441Z"}
{"level":"info","message":"user service running on port 3001","service":"user-service","timestamp":"2025-10-28T03:25:41.401Z"}
{"level":"info","message":"Ket noi db thanh cong","service":"user-service","timestamp":"2025-10-28T03:25:42.055Z"}
{"level":"info","message":"user service running on port 3001","service":"user-service","timestamp":"2025-10-28T03:26:19.251Z"}
{"level":"info","message":"Ket noi db thanh cong","service":"user-service","timestamp":"2025-10-28T03:26:19.914Z"}
{"level":"info","message":"user service running on port 3001","service":"user-service","timestamp":"2025-10-28T03:26:27.720Z"}
{"level":"info","message":"Ket noi db thanh cong","service":"user-service","timestamp":"2025-10-28T03:26:28.553Z"}
{"level":"info","message":"user service running on port 3001","service":"user-service","timestamp":"2025-10-28T03:26:34.448Z"}
{"level":"info","message":"Ket noi db thanh cong","service":"user-service","timestamp":"2025-10-28T03:26:35.180Z"}
{"level":"info","message":"user service running on port 3001","service":"user-service","timestamp":"2025-10-28T03:26:37.623Z"}
{"level":"info","message":"Ket noi db thanh cong","service":"user-service","timestamp":"2025-10-28T03:26:38.274Z"}
{"level":"info","message":"user service running on port 3001","service":"user-service","timestamp":"2025-10-28T03:27:00.221Z"}
